<?xml version="1.0" encoding="UTF-8"?>
<!-- Generated by org.testng.reporters.JUnitReportReporter -->
<testsuite skipped="0" hostname="SAMSISTERS" name="ApiTest" tests="1" failures="0" timestamp="27 Jul 2018 06:55:03 GMT" time="1.988" errors="0">
  <testcase name="ApiCarTesting" time="1.988" classname="ApiTest"/>
</testsuite> <!-- ApiTest -->
